This is pdfTeX, Version 3.141592653-2.6-1.40.27 (TeX Live 2025) (preloaded format=pdflatex 2025.11.15)  19 NOV 2025 14:32
entering extended mode
 restricted \write18 enabled.
 file:line:error style messages enabled.
 %&-line parsing enabled.
**"/Users/martinapaolacalvi/Downloads/FTP (1)/main.tex"
(/Users/martinapaolacalvi/Downloads/FTP (1)/main.tex
LaTeX2e <2024-11-01> patch level 2
L3 programming layer <2025-01-18>
(/usr/local/texlive/2025/texmf-dist/tex/latex/base/report.cls
Document Class: report 2024/06/29 v1.4n Standard LaTeX document class
(/usr/local/texlive/2025/texmf-dist/tex/latex/base/size10.clo
File: size10.clo 2024/06/29 v1.4n Standard LaTeX file (size option)
)
\c@part=\count196
\c@chapter=\count197
\c@section=\count198
\c@subsection=\count199
\c@subsubsection=\count266
\c@paragraph=\count267
\c@subparagraph=\count268
\c@figure=\count269
\c@table=\count270
\abovecaptionskip=\skip49
\belowcaptionskip=\skip50
\bibindent=\dimen141
) (/usr/local/texlive/2025/texmf-dist/tex/latex/base/inputenc.sty
Package: inputenc 2024/02/08 v1.3d Input encoding file
\inpenc@prehook=\toks17
\inpenc@posthook=\toks18
) (/usr/local/texlive/2025/texmf-dist/tex/latex/base/fontenc.sty
Package: fontenc 2021/04/29 v2.0v Standard LaTeX package
) (/usr/local/texlive/2025/texmf-dist/tex/latex/amsmath/amsmath.sty
Package: amsmath 2024/11/05 v2.17t AMS math features
\@mathmargin=\skip51

For additional information on amsmath, use the `?' option.
(/usr/local/texlive/2025/texmf-dist/tex/latex/amsmath/amstext.sty
Package: amstext 2021/08/26 v2.01 AMS text
 (/usr/local/texlive/2025/texmf-dist/tex/latex/amsmath/amsgen.sty
File: amsgen.sty 1999/11/30 v2.0 generic functions
\@emptytoks=\toks19
\ex@=\dimen142
)) (/usr/local/texlive/2025/texmf-dist/tex/latex/amsmath/amsbsy.sty
Package: amsbsy 1999/11/29 v1.2d Bold Symbols
\pmbraise@=\dimen143
) (/usr/local/texlive/2025/texmf-dist/tex/latex/amsmath/amsopn.sty
Package: amsopn 2022/04/08 v2.04 operator names
)
\inf@bad=\count271
LaTeX Info: Redefining \frac on input line 233.
\uproot@=\count272
\leftroot@=\count273
LaTeX Info: Redefining \overline on input line 398.
LaTeX Info: Redefining \colon on input line 409.
\classnum@=\count274
\DOTSCASE@=\count275
LaTeX Info: Redefining \ldots on input line 495.
LaTeX Info: Redefining \dots on input line 498.
LaTeX Info: Redefining \cdots on input line 619.
\Mathstrutbox@=\box52
\strutbox@=\box53
LaTeX Info: Redefining \big on input line 721.
LaTeX Info: Redefining \Big on input line 722.
LaTeX Info: Redefining \bigg on input line 723.
LaTeX Info: Redefining \Bigg on input line 724.
\big@size=\dimen144
LaTeX Font Info:    Redeclaring font encoding OML on input line 742.
LaTeX Font Info:    Redeclaring font encoding OMS on input line 743.
\macc@depth=\count276
LaTeX Info: Redefining \bmod on input line 904.
LaTeX Info: Redefining \pmod on input line 909.
LaTeX Info: Redefining \smash on input line 939.
LaTeX Info: Redefining \relbar on input line 969.
LaTeX Info: Redefining \Relbar on input line 970.
\c@MaxMatrixCols=\count277
\dotsspace@=\muskip17
\c@parentequation=\count278
\dspbrk@lvl=\count279
\tag@help=\toks20
\row@=\count280
\column@=\count281
\maxfields@=\count282
\andhelp@=\toks21
\eqnshift@=\dimen145
\alignsep@=\dimen146
\tagshift@=\dimen147
\tagwidth@=\dimen148
\totwidth@=\dimen149
\lineht@=\dimen150
\@envbody=\toks22
\multlinegap=\skip52
\multlinetaggap=\skip53
\mathdisplay@stack=\toks23
LaTeX Info: Redefining \[ on input line 2953.
LaTeX Info: Redefining \] on input line 2954.
) (/usr/local/texlive/2025/texmf-dist/tex/latex/amsfonts/amsfonts.sty
Package: amsfonts 2013/01/14 v3.01 Basic AMSFonts support
\symAMSa=\mathgroup4
\symAMSb=\mathgroup5
LaTeX Font Info:    Redeclaring math symbol \hbar on input line 98.
LaTeX Font Info:    Overwriting math alphabet `\mathfrak' in version `bold'
(Font)                  U/euf/m/n --> U/euf/b/n on input line 106.
) (/usr/local/texlive/2025/texmf-dist/tex/latex/amsfonts/amssymb.sty
Package: amssymb 2013/01/14 v3.01 AMS font symbols
) (/usr/local/texlive/2025/texmf-dist/tex/latex/graphics/graphicx.sty
Package: graphicx 2021/09/16 v1.2d Enhanced LaTeX Graphics (DPC,SPQR)
 (/usr/local/texlive/2025/texmf-dist/tex/latex/graphics/keyval.sty
Package: keyval 2022/05/29 v1.15 key=value parser (DPC)
\KV@toks@=\toks24
) (/usr/local/texlive/2025/texmf-dist/tex/latex/graphics/graphics.sty
Package: graphics 2024/08/06 v1.4g Standard LaTeX Graphics (DPC,SPQR)
 (/usr/local/texlive/2025/texmf-dist/tex/latex/graphics/trig.sty
Package: trig 2023/12/02 v1.11 sin cos tan (DPC)
) (/usr/local/texlive/2025/texmf-dist/tex/latex/graphics-cfg/graphics.cfg
File: graphics.cfg 2016/06/04 v1.11 sample graphics configuration
)
Package graphics Info: Driver file: pdftex.def on input line 106.
 (/usr/local/texlive/2025/texmf-dist/tex/latex/graphics-def/pdftex.def
File: pdftex.def 2024/04/13 v1.2c Graphics/color driver for pdftex
))
\Gin@req@height=\dimen151
\Gin@req@width=\dimen152
) (/usr/local/texlive/2025/texmf-dist/tex/latex/l3backend/l3backend-pdftex.def
File: l3backend-pdftex.def 2024-05-08 L3 backend support: PDF output (pdfTeX)
\l__color_backend_stack_int=\count283
\l__pdf_internal_box=\box54
) (./main.aux)
\openout1 = `main.aux'.

LaTeX Font Info:    Checking defaults for OML/cmm/m/it on input line 9.
LaTeX Font Info:    ... okay on input line 9.
LaTeX Font Info:    Checking defaults for OMS/cmsy/m/n on input line 9.
LaTeX Font Info:    ... okay on input line 9.
LaTeX Font Info:    Checking defaults for OT1/cmr/m/n on input line 9.
LaTeX Font Info:    ... okay on input line 9.
LaTeX Font Info:    Checking defaults for T1/cmr/m/n on input line 9.
LaTeX Font Info:    ... okay on input line 9.
LaTeX Font Info:    Checking defaults for TS1/cmr/m/n on input line 9.
LaTeX Font Info:    ... okay on input line 9.
LaTeX Font Info:    Checking defaults for OMX/cmex/m/n on input line 9.
LaTeX Font Info:    ... okay on input line 9.
LaTeX Font Info:    Checking defaults for U/cmr/m/n on input line 9.
LaTeX Font Info:    ... okay on input line 9.
 (/usr/local/texlive/2025/texmf-dist/tex/context/base/mkii/supp-pdf.mkii
[Loading MPS to PDF converter (version 2006.09.02).]
\scratchcounter=\count284
\scratchdimen=\dimen153
\scratchbox=\box55
\nofMPsegments=\count285
\nofMParguments=\count286
\everyMPshowfont=\toks25
\MPscratchCnt=\count287
\MPscratchDim=\dimen154
\MPnumerator=\count288
\makeMPintoPDFobject=\count289
\everyMPtoPDFconversion=\toks26
) (/usr/local/texlive/2025/texmf-dist/tex/latex/epstopdf-pkg/epstopdf-base.sty
Package: epstopdf-base 2020-01-24 v2.11 Base part for package epstopdf
Package epstopdf-base Info: Redefining graphics rule for `.eps' on input line 485.
 (/usr/local/texlive/2025/texmf-dist/tex/latex/latexconfig/epstopdf-sys.cfg
File: epstopdf-sys.cfg 2010/07/13 v1.3 Configuration of (r)epstopdf for TeX Live
))
LaTeX Font Info:    Trying to load font information for U+msa on input line 14.
 (/usr/local/texlive/2025/texmf-dist/tex/latex/amsfonts/umsa.fd
File: umsa.fd 2013/01/14 v3.01 AMS symbols A
)
LaTeX Font Info:    Trying to load font information for U+msb on input line 14.
 (/usr/local/texlive/2025/texmf-dist/tex/latex/amsfonts/umsb.fd
File: umsb.fd 2013/01/14 v3.01 AMS symbols B
)

[1

{/usr/local/texlive/2025/texmf-var/fonts/map/pdftex/updmap/pdftex.map}{/usr/local/texlive/2025/texmf-dist/fonts/enc/dvips/cm-super/cm-super-t1.enc}] (./main.toc

[1

]

[2]

[3]

LaTeX Warning: Command \textendash invalid in math mode on input line 301.


LaTeX Warning: Command \textendash invalid in math mode on input line 302.


LaTeX Warning: Command \textendash invalid in math mode on input line 309.


LaTeX Warning: Command \textendash invalid in math mode on input line 311.

)
\tf@toc=\write3
\openout3 = `main.toc'.



[4]
Chapter 1.


[5

{/usr/local/texlive/2025/texmf-dist/fonts/enc/dvips/cm-super/cm-super-ts1.enc}]

[6]
<Screenshot 2025-10-02 at 19.07.28.png, id=41, 482.80376pt x 303.1325pt>
File: Screenshot 2025-10-02 at 19.07.28.png Graphic file (type png)
<use Screenshot 2025-10-02 at 19.07.28.png>
Package pdftex.def Info: Screenshot 2025-10-02 at 19.07.28.png  used on input line 83.
(pdftex.def)             Requested size: 172.5pt x 108.30429pt.


[7 <./Screenshot 2025-10-02 at 19.07.28.png>]

[8]

[9]

[10]

[11]
Overfull \hbox (29.78137pt too wide) in paragraph at lines 287--300
 [] 
 []



[12]
<Bravais_lattices.png, id=63, 986.68625pt x 1072.005pt>
File: Bravais_lattices.png Graphic file (type png)
<use Bravais_lattices.png>
Package pdftex.def Info: Bravais_lattices.png  used on input line 344.
(pdftex.def)             Requested size: 345.0pt x 374.83115pt.


[13

]

[14 <./Bravais_lattices.png>]
<Screenshot 2025-10-03 115058.png, id=71, 228.855pt x 162.6075pt>
File: Screenshot 2025-10-03 115058.png Graphic file (type png)
<use Screenshot 2025-10-03 115058.png>
Package pdftex.def Info: Screenshot 2025-10-03 115058.png  used on input line 365.
(pdftex.def)             Requested size: 172.5pt x 122.57065pt.


[15 <./Screenshot 2025-10-03 115058.png>]
<Screenshot 2025-10-03 115459.png, id=76, 464.4853pt x 179.92218pt>
File: Screenshot 2025-10-03 115459.png Graphic file (type png)
<use Screenshot 2025-10-03 115459.png>
Package pdftex.def Info: Screenshot 2025-10-03 115459.png  used on input line 384.
(pdftex.def)             Requested size: 172.5pt x 66.81999pt.


[16 <./Screenshot 2025-10-03 115459.png>]

[17]
<Screenshot 2025-10-04 at 14.09.29.png, id=87, 295.1025pt x 403.5075pt>
File: Screenshot 2025-10-04 at 14.09.29.png Graphic file (type png)
<use Screenshot 2025-10-04 at 14.09.29.png>
Package pdftex.def Info: Screenshot 2025-10-04 at 14.09.29.png  used on input line 453.
(pdftex.def)             Requested size: 137.9979pt x 188.69421pt.


[18 <./Screenshot 2025-10-04 at 14.09.29.png>]

[19

]

[20]
<Screenshot 2025-10-05 at 15.05.01.png, id=99, 699.61375pt x 273.02pt>
File: Screenshot 2025-10-05 at 15.05.01.png Graphic file (type png)
<use Screenshot 2025-10-05 at 15.05.01.png>
Package pdftex.def Info: Screenshot 2025-10-05 at 15.05.01.png  used on input line 545.
(pdftex.def)             Requested size: 172.5pt x 67.31332pt.


[21 <./Screenshot 2025-10-05 at 15.05.01.png>]

[22]

[23]

[24

]

[25]

[26]
<Progetto senza titolo.png, id=121, 813.0375pt x 660.21657pt>
File: Progetto senza titolo.png Graphic file (type png)
<use Progetto senza titolo.png>
Package pdftex.def Info: Progetto senza titolo.png  used on input line 707.
(pdftex.def)             Requested size: 172.5pt x 140.07pt.


[27]

[28 <./Progetto senza titolo.png>]

[29]

[30]

[31]

[32]

[33]

[34]
<Screenshot 2025-10-29 at 14.48.19.png, id=148, 599.23875pt x 444.66125pt>
File: Screenshot 2025-10-29 at 14.48.19.png Graphic file (type png)
<use Screenshot 2025-10-29 at 14.48.19.png>
Package pdftex.def Info: Screenshot 2025-10-29 at 14.48.19.png  used on input line 891.
(pdftex.def)             Requested size: 207.0021pt x 153.60506pt.


[35]

[36 <./Screenshot 2025-10-29 at 14.48.19.png>]
Underfull \hbox (badness 10000) in paragraph at lines 951--952

 []

<Screenshot 2025-10-29 at 15.27.28.png, id=160, 270.00874pt x 150.5625pt>
File: Screenshot 2025-10-29 at 15.27.28.png Graphic file (type png)
<use Screenshot 2025-10-29 at 15.27.28.png>
Package pdftex.def Info: Screenshot 2025-10-29 at 15.27.28.png  used on input line 971.
(pdftex.def)             Requested size: 172.5pt x 96.19194pt.


[37 <./Screenshot 2025-10-29 at 15.27.28.png>]
Underfull \hbox (badness 10000) in paragraph at lines 991--994

 []


Underfull \hbox (badness 10000) in paragraph at lines 1018--1021

 []



[38]
<Screenshot 2025-10-29 at 16.01.30.png, id=168, 693.59125pt x 339.2675pt>
File: Screenshot 2025-10-29 at 16.01.30.png Graphic file (type png)
<use Screenshot 2025-10-29 at 16.01.30.png>
Package pdftex.def Info: Screenshot 2025-10-29 at 16.01.30.png  used on input line 1042.
(pdftex.def)             Requested size: 207.0021pt x 101.25299pt.
<Screenshot 2025-10-29 at 16.12.06.png, id=169, 501.875pt x 450.68375pt>
File: Screenshot 2025-10-29 at 16.12.06.png Graphic file (type png)
<use Screenshot 2025-10-29 at 16.12.06.png>
Package pdftex.def Info: Screenshot 2025-10-29 at 16.12.06.png  used on input line 1047.
(pdftex.def)             Requested size: 207.0021pt x 185.8887pt.


[39 <./Screenshot 2025-10-29 at 16.01.30.png>]
Underfull \hbox (badness 10000) in paragraph at lines 1070--1072

 []


Underfull \hbox (badness 1038) in paragraph at lines 1070--1072
\T1/cmr/m/n/10 If you can an-swer the cur-rent ox-i-da-tion step may be dealt with as a
 []



[40 <./Screenshot 2025-10-29 at 16.12.06.png>]
Underfull \hbox (badness 2221) in paragraph at lines 1093--1095
[]\T1/cmr/m/n/10 At long time, the growth rate is lim-ited by the rate of ox-i-dant
 []


Underfull \hbox (badness 1735) in paragraph at lines 1093--1095
\T1/cmr/m/n/10 dif-fu-sion through the grow-ing layer Growth rate is parabolic. $\OML/cmm/m/it/10 B \OT1/cmr/m/n/10 =
 []



[41]

[42

]
Underfull \hbox (badness 2426) in paragraph at lines 1157--1158
[]\T1/cmr/m/n/10 Hazardous to hu-mans. E.g., Ar-
 []


Underfull \hbox (badness 1147) in paragraph at lines 1160--1161
\T1/cmr/m/n/10 mois-ture, or when ex-posed to oxy-
 []



[43]

[44]
Underfull \hbox (badness 6691) in paragraph at lines 1220--1222
\T1/cmr/m/it/10 Reference At-mo-sphere Con-ver-sion: $\OT1/cmr/m/n/10 1[] = 760[]([]) =
 []



[45]
Underfull \hbox (badness 6893) in paragraph at lines 1238--1239
[]\T1/cmr/m/n/10 Step cov-er-age is de-fined us-ing ra-tios like $[] \OT1/cmr/m/n/10 = \OML/cmm/m/it/10 b=c$\T1/cmr/m/n/10 ,
 []



[46]
Underfull \hbox (badness 10000) in paragraph at lines 1254--1255

 []



[47]

[48]

[49]

[50]

[51]
<Screenshot 2025-10-30 at 08.44.49.png, id=216, 357.335pt x 354.32375pt>
File: Screenshot 2025-10-30 at 08.44.49.png Graphic file (type png)
<use Screenshot 2025-10-30 at 08.44.49.png>
Package pdftex.def Info: Screenshot 2025-10-30 at 08.44.49.png  used on input line 1420.
(pdftex.def)             Requested size: 137.9979pt x 136.83406pt.


[52 <./Screenshot 2025-10-30 at 08.44.49.png>]
<Screenshot 2025-10-30 at 08.49.04.png, id=221, 639.38875pt x 397.485pt>
File: Screenshot 2025-10-30 at 08.49.04.png Graphic file (type png)
<use Screenshot 2025-10-30 at 08.49.04.png>
Package pdftex.def Info: Screenshot 2025-10-30 at 08.49.04.png  used on input line 1443.
(pdftex.def)             Requested size: 241.49895pt x 150.13004pt.


[53]
<Screenshot 2025-10-30 at 08.58.34.png, id=225, 314.17375pt x 293.095pt>
File: Screenshot 2025-10-30 at 08.58.34.png Graphic file (type png)
<use Screenshot 2025-10-30 at 08.58.34.png>
Package pdftex.def Info: Screenshot 2025-10-30 at 08.58.34.png  used on input line 1448.
(pdftex.def)             Requested size: 172.5pt x 160.92546pt.

Underfull \hbox (badness 10000) in paragraph at lines 1450--1458

 []



[54 <./Screenshot 2025-10-30 at 08.49.04.png> <./Screenshot 2025-10-30 at 08.58.34.png>]
<Screenshot 2025-10-30 at 09.11.18.png, id=231, 331.2375pt x 244.915pt>
File: Screenshot 2025-10-30 at 09.11.18.png Graphic file (type png)
<use Screenshot 2025-10-30 at 09.11.18.png>
Package pdftex.def Info: Screenshot 2025-10-30 at 09.11.18.png  used on input line 1461.
(pdftex.def)             Requested size: 172.5pt x 127.54337pt.
<Screenshot 2025-10-30 at 09.16.34.png, id=232, 462.72874pt x 302.12875pt>
File: Screenshot 2025-10-30 at 09.16.34.png Graphic file (type png)
<use Screenshot 2025-10-30 at 09.16.34.png>
Package pdftex.def Info: Screenshot 2025-10-30 at 09.16.34.png  used on input line 1467.
(pdftex.def)             Requested size: 172.5pt x 112.62953pt.


[55 <./Screenshot 2025-10-30 at 09.11.18.png>]
<Screenshot 2025-10-30 at 09.23.11.png, id=237, 386.44376pt x 146.5475pt>
File: Screenshot 2025-10-30 at 09.23.11.png Graphic file (type png)
<use Screenshot 2025-10-30 at 09.23.11.png>
Package pdftex.def Info: Screenshot 2025-10-30 at 09.23.11.png  used on input line 1473.
(pdftex.def)             Requested size: 137.9979pt x 52.33218pt.
<Screenshot 2025-10-30 at 09.25.34.png, id=238, 471.7625pt x 278.03876pt>
File: Screenshot 2025-10-30 at 09.25.34.png Graphic file (type png)
<use Screenshot 2025-10-30 at 09.25.34.png>
Package pdftex.def Info: Screenshot 2025-10-30 at 09.25.34.png  used on input line 1480.
(pdftex.def)             Requested size: 172.5pt x 101.6636pt.


[56 <./Screenshot 2025-10-30 at 09.16.34.png> <./Screenshot 2025-10-30 at 09.23.11.png>]

[57 <./Screenshot 2025-10-30 at 09.25.34.png>]
<Screenshot 2025-11-04 at 11.47.28.png, id=247, 400.49625pt x 318.18875pt>
File: Screenshot 2025-11-04 at 11.47.28.png Graphic file (type png)
<use Screenshot 2025-11-04 at 11.47.28.png>
Package pdftex.def Info: Screenshot 2025-11-04 at 11.47.28.png  used on input line 1508.
(pdftex.def)             Requested size: 172.5pt x 137.05153pt.


[58 <./Screenshot 2025-11-04 at 11.47.28.png>]

[59]
<Screenshot 2025-11-04 at 12.13.31.png, id=255, 377.41pt x 327.2225pt>
File: Screenshot 2025-11-04 at 12.13.31.png Graphic file (type png)
<use Screenshot 2025-11-04 at 12.13.31.png>
Package pdftex.def Info: Screenshot 2025-11-04 at 12.13.31.png  used on input line 1573.
(pdftex.def)             Requested size: 172.5pt x 149.56052pt.


[60

]
Underfull \hbox (badness 2042) in paragraph at lines 1581--1581
[]\T1/cmr/bx/n/10 Dopant Dis-tri-bu-tion\T1/cmr/m/n/10 : $\OML/cmm/m/it/10 N\OT1/cmr/m/n/10 (\OML/cmm/m/it/10 x\OT1/cmr/m/n/10 )$ \T1/cmr/m/n/10 (or $\OML/cmm/m/it/10 C\OT1/cmr/m/n/10 (\OML/cmm/m/it/10 x\OT1/cmr/m/n/10 )$ \T1/cmr/m/n/10 de-pend-ing on lit-er-a-ture)
 []

<Screenshot 2025-11-04 at 12.24.12.png, id=260, 284.06125pt x 153.57375pt>
File: Screenshot 2025-11-04 at 12.24.12.png Graphic file (type png)
<use Screenshot 2025-11-04 at 12.24.12.png>
Package pdftex.def Info: Screenshot 2025-11-04 at 12.24.12.png  used on input line 1598.
(pdftex.def)             Requested size: 172.5pt x 93.26273pt.


[61 <./Screenshot 2025-11-04 at 12.13.31.png>]
Underfull \hbox (badness 10000) in paragraph at lines 1600--1606

 []

<Screenshot 2025-11-04 at 12.30.51.png, id=265, 445.665pt x 176.66pt>
File: Screenshot 2025-11-04 at 12.30.51.png Graphic file (type png)
<use Screenshot 2025-11-04 at 12.30.51.png>
Package pdftex.def Info: Screenshot 2025-11-04 at 12.30.51.png  used on input line 1626.
(pdftex.def)             Requested size: 172.5pt x 68.37686pt.


[62 <./Screenshot 2025-11-04 at 12.24.12.png> <./Screenshot 2025-11-04 at 12.30.51.png>]

[63]
<Screenshot 2025-11-04 at 12.57.41.png, id=273, 430.60875pt x 395.4775pt>
File: Screenshot 2025-11-04 at 12.57.41.png Graphic file (type png)
<use Screenshot 2025-11-04 at 12.57.41.png>
Package pdftex.def Info: Screenshot 2025-11-04 at 12.57.41.png  used on input line 1671.
(pdftex.def)             Requested size: 172.5pt x 158.42957pt.


[64 <./Screenshot 2025-11-04 at 12.57.41.png>]

[65]
<Screenshot 2025-11-04 at 13.52.43.png, id=281, 481.8pt x 327.2225pt>
File: Screenshot 2025-11-04 at 13.52.43.png Graphic file (type png)
<use Screenshot 2025-11-04 at 13.52.43.png>
Package pdftex.def Info: Screenshot 2025-11-04 at 13.52.43.png  used on input line 1733.
(pdftex.def)             Requested size: 120.7521pt x 82.01013pt.
<Screenshot 2025-11-04 at 13.55.15.png, id=282, 453.695pt x 377.41pt>
File: Screenshot 2025-11-04 at 13.55.15.png Graphic file (type png)
<use Screenshot 2025-11-04 at 13.55.15.png>
Package pdftex.def Info: Screenshot 2025-11-04 at 13.55.15.png  used on input line 1744.
(pdftex.def)             Requested size: 120.7521pt x 100.44508pt.


[66 <./Screenshot 2025-11-04 at 13.52.43.png> <./Screenshot 2025-11-04 at 13.55.15.png>]
<Screenshot 2025-11-07 at 18.02.12.png, id=289, 253.94875pt x 213.79875pt>
File: Screenshot 2025-11-07 at 18.02.12.png Graphic file (type png)
<use Screenshot 2025-11-07 at 18.02.12.png>
Package pdftex.def Info: Screenshot 2025-11-07 at 18.02.12.png  used on input line 1777.
(pdftex.def)             Requested size: 68.99895pt x 58.08855pt.

Overfull \hbox (42.34332pt too wide) detected at line 1795
[][] \OML/cmm/m/it/10 e[] \OMS/cmsy/m/n/10 ^^A \OML/cmm/m/it/10 du \OT1/cmr/m/n/10 = [][]\OML/cmm/m/it/10 erfc\OT1/cmr/m/n/10 (\OML/cmm/m/it/10 z[]\OT1/cmr/m/n/10 ) \OMS/cmsy/m/n/10 ! [][] \OML/cmm/m/it/10 N[] \OMS/cmsy/m/n/10 ^^A \OML/cmm/m/it/10 e[] \OMS/cmsy/m/n/10 ^^A \OML/cmm/m/it/10 du \OT1/cmr/m/n/10 = \OML/cmm/m/it/10 N[]\OT1/cmr/m/n/10 ^^A\OML/cmm/m/it/10 R[][]erfc\OT1/cmr/m/n/10 ([])
 []

<Screenshot 2025-11-06 at 09.19.44.png, id=290, 318.18875pt x 296.10625pt>
File: Screenshot 2025-11-06 at 09.19.44.png Graphic file (type png)
<use Screenshot 2025-11-06 at 09.19.44.png>
Package pdftex.def Info: Screenshot 2025-11-06 at 09.19.44.png  used on input line 1801.
(pdftex.def)             Requested size: 120.7521pt x 112.36792pt.


[67 <./Screenshot 2025-11-07 at 18.02.12.png>]
<Screenshot 2025-11-06 at 09.20.45.png, id=298, 371.3875pt x 229.85875pt>
File: Screenshot 2025-11-06 at 09.20.45.png Graphic file (type png)
<use Screenshot 2025-11-06 at 09.20.45.png>
Package pdftex.def Info: Screenshot 2025-11-06 at 09.20.45.png  used on input line 1809.
(pdftex.def)             Requested size: 172.5pt x 106.76395pt.
<Screenshot 2025-11-06 at 09.21.32.png, id=299, 204.765pt x 316.18124pt>
File: Screenshot 2025-11-06 at 09.21.32.png Graphic file (type png)
<use Screenshot 2025-11-06 at 09.21.32.png>
Package pdftex.def Info: Screenshot 2025-11-06 at 09.21.32.png  used on input line 1814.
(pdftex.def)             Requested size: 68.99895pt x 106.54494pt.
<Screenshot 2025-11-06 at 09.04.13.png, id=300, 425.59pt x 264.99pt>
File: Screenshot 2025-11-06 at 09.04.13.png Graphic file (type png)
<use Screenshot 2025-11-06 at 09.04.13.png>
Package pdftex.def Info: Screenshot 2025-11-06 at 09.04.13.png  used on input line 1819.
(pdftex.def)             Requested size: 172.5pt x 107.40527pt.


[68 <./Screenshot 2025-11-06 at 09.19.44.png> <./Screenshot 2025-11-06 at 09.20.45.png> <./Screenshot 2025-11-06 at 09.21.32.png>]
<Screenshot 2025-11-06 at 09.22.12.png, id=307, 472.76625pt x 173.64874pt>
File: Screenshot 2025-11-06 at 09.22.12.png Graphic file (type png)
<use Screenshot 2025-11-06 at 09.22.12.png>
Package pdftex.def Info: Screenshot 2025-11-06 at 09.22.12.png  used on input line 1855.
(pdftex.def)             Requested size: 172.5pt x 63.36139pt.


[69 <./Screenshot 2025-11-06 at 09.04.13.png> <./Screenshot 2025-11-06 at 09.22.12.png>]
<Screenshot 2025-11-06 at 09.23.18.png, id=313, 480.79625pt x 249.93375pt>
File: Screenshot 2025-11-06 at 09.23.18.png Graphic file (type png)
<use Screenshot 2025-11-06 at 09.23.18.png>
Package pdftex.def Info: Screenshot 2025-11-06 at 09.23.18.png  used on input line 1868.
(pdftex.def)             Requested size: 172.5pt x 89.67097pt.


[70 <./Screenshot 2025-11-06 at 09.23.18.png>]
<Screenshot 2025-11-07 at 18.05.09.png, id=318, 342.27875pt x 245.91875pt>
File: Screenshot 2025-11-07 at 18.05.09.png Graphic file (type png)
<use Screenshot 2025-11-07 at 18.05.09.png>
Package pdftex.def Info: Screenshot 2025-11-07 at 18.05.09.png  used on input line 1897.
(pdftex.def)             Requested size: 172.5pt x 123.93845pt.


[71 <./Screenshot 2025-11-07 at 18.05.09.png>]
<Screenshot 2025-11-06 at 09.35.56.png, id=323, 442.65375pt x 117.43875pt>
File: Screenshot 2025-11-06 at 09.35.56.png Graphic file (type png)
<use Screenshot 2025-11-06 at 09.35.56.png>
Package pdftex.def Info: Screenshot 2025-11-06 at 09.35.56.png  used on input line 1934.
(pdftex.def)             Requested size: 172.5pt x 45.76508pt.
<Screenshot 2025-11-06 at 09.34.59.png, id=324, 284.06125pt x 124.465pt>
File: Screenshot 2025-11-06 at 09.34.59.png Graphic file (type png)
<use Screenshot 2025-11-06 at 09.34.59.png>
Package pdftex.def Info: Screenshot 2025-11-06 at 09.34.59.png  used on input line 1937.
(pdftex.def)             Requested size: 103.50105pt x 45.35052pt.


[72

 <./Screenshot 2025-11-06 at 09.35.56.png> <./Screenshot 2025-11-06 at 09.34.59.png>]
<Screenshot 2025-11-06 at 09.41.17.png, id=332, 545.03625pt x 288.07625pt>
File: Screenshot 2025-11-06 at 09.41.17.png Graphic file (type png)
<use Screenshot 2025-11-06 at 09.41.17.png>
Package pdftex.def Info: Screenshot 2025-11-06 at 09.41.17.png  used on input line 1956.
(pdftex.def)             Requested size: 172.5pt x 91.17087pt.


[73 <./Screenshot 2025-11-06 at 09.41.17.png>]

[74]
<Screenshot 2025-11-15 182046.png, id=340, 317.185pt x 258.9675pt>
File: Screenshot 2025-11-15 182046.png Graphic file (type png)
<use Screenshot 2025-11-15 182046.png>
Package pdftex.def Info: Screenshot 2025-11-15 182046.png  used on input line 1999.
(pdftex.def)             Requested size: 172.5pt x 140.84404pt.
<Screenshot 2025-11-15 182805.png, id=341, 369.63094pt x 231.86626pt>
File: Screenshot 2025-11-15 182805.png Graphic file (type png)
<use Screenshot 2025-11-15 182805.png>
Package pdftex.def Info: Screenshot 2025-11-15 182805.png  used on input line 2016.
(pdftex.def)             Requested size: 137.9979pt x 86.56398pt.


[75 <./Screenshot 2025-11-15 182046.png>]
<Screenshot 2025-11-15 182948.png, id=346, 395.22656pt x 219.06844pt>
File: Screenshot 2025-11-15 182948.png Graphic file (type png)
<use Screenshot 2025-11-15 182948.png>
Package pdftex.def Info: Screenshot 2025-11-15 182948.png  used on input line 2019.
(pdftex.def)             Requested size: 137.9979pt x 76.49124pt.
File: Screenshot 2025-11-15 182948.png Graphic file (type png)
<use Screenshot 2025-11-15 182948.png>
Package pdftex.def Info: Screenshot 2025-11-15 182948.png  used on input line 2022.
(pdftex.def)             Requested size: 137.9979pt x 76.49124pt.


[76 <./Screenshot 2025-11-15 182805.png> <./Screenshot 2025-11-15 182948.png>]

[77]

[78]
Underfull \hbox (badness 1168) in paragraph at lines 2175--2176
[]\T1/cmr/m/n/10 Examples of us-ing Elec-tric Fields for En-hanced Side-wall Abrupt-ness
 []



[79]

[80]

LaTeX Warning: Command \r invalid in math mode on input line 2293.

Missing character: There is no Å in font cmr10!

LaTeX Warning: Command \r invalid in math mode on input line 2308.

Missing character: There is no Å in font cmr10!


[81]

[82]

[83]

[84]
Chapter 2.

Underfull \hbox (badness 10000) in paragraph at lines 2545--2553

 []


Underfull \hbox (badness 1571) in paragraph at lines 2545--2553
\T1/cmr/m/n/10 Thermodynamics is the branch of Physics that deals with the macro-
 []


Underfull \hbox (badness 10000) in paragraph at lines 2545--2553

 []



[85

]
Overfull \hbox (5.21648pt too wide) in paragraph at lines 2555--2572
[] 
 []



[86]

[87]
Underfull \hbox (badness 10000) in paragraph at lines 2618--2618

 []


Underfull \hbox (badness 10000) in paragraph at lines 2618--2619

 []



[88]
Underfull \hbox (badness 10000) in paragraph at lines 2636--2643

 []



[89]
Underfull \hbox (badness 10000) in paragraph at lines 2656--2665

 []



[90]
Underfull \hbox (badness 10000) in paragraph at lines 2677--2681

 []



[91]

[92]
Underfull \hbox (badness 10000) in paragraph at lines 2719--2722

 []



[93]

[94]

[95]
Underfull \hbox (badness 10000) in paragraph at lines 2760--2762

 []

<image.png, id=412, 1045.9075pt x 981.6675pt>
File: image.png Graphic file (type png)
<use image.png>
Package pdftex.def Info: image.png  used on input line 2763.
(pdftex.def)             Requested size: 172.5pt x 161.89325pt.
<Screenshot 2025-10-02 at 15.11.36.png, id=413, 528.97626pt x 382.42876pt>
File: Screenshot 2025-10-02 at 15.11.36.png Graphic file (type png)
<use Screenshot 2025-10-02 at 15.11.36.png>
Package pdftex.def Info: Screenshot 2025-10-02 at 15.11.36.png  used on input line 2767.
(pdftex.def)             Requested size: 172.5pt x 124.70801pt.


[96 <./image.png>]
Underfull \hbox (badness 10000) in paragraph at lines 2788--2804

 []


Underfull \hbox (badness 1092) in paragraph at lines 2788--2804
\T1/cmr/m/n/10 The given min-i-mum tem-per-a-ture for the mi-crokelvin tem-per-a-ture range
 []

<Screenshot 2025-10-02 at 15.13.35.png, id=418, 542.025pt x 453.695pt>
File: Screenshot 2025-10-02 at 15.13.35.png Graphic file (type png)
<use Screenshot 2025-10-02 at 15.13.35.png>
Package pdftex.def Info: Screenshot 2025-10-02 at 15.13.35.png  used on input line 2807.
(pdftex.def)             Requested size: 172.5pt x 144.38924pt.


[97 <./Screenshot 2025-10-02 at 15.11.36.png>]
Underfull \hbox (badness 10000) in paragraph at lines 2827--2828

 []

<Screenshot 2025-10-02 at 15.23.12.png, id=423, 228.855pt x 334.24875pt>
File: Screenshot 2025-10-02 at 15.23.12.png Graphic file (type png)
<use Screenshot 2025-10-02 at 15.23.12.png>
Package pdftex.def Info: Screenshot 2025-10-02 at 15.23.12.png  used on input line 2829.
(pdftex.def)             Requested size: 103.50105pt x 151.16537pt.


[98 <./Screenshot 2025-10-02 at 15.13.35.png> <./Screenshot 2025-10-02 at 15.23.12.png>]
<Screenshot 2025-10-02 at 15.25.09.png, id=429, 241.90375pt x 225.84375pt>
File: Screenshot 2025-10-02 at 15.25.09.png Graphic file (type png)
<use Screenshot 2025-10-02 at 15.25.09.png>
Package pdftex.def Info: Screenshot 2025-10-02 at 15.25.09.png  used on input line 2853.
(pdftex.def)             Requested size: 172.5pt x 161.05318pt.

Underfull \hbox (badness 10000) in paragraph at lines 2855--2862

 []


Underfull \hbox (badness 10000) in paragraph at lines 2855--2862

 []



[99 <./Screenshot 2025-10-02 at 15.25.09.png>]
Underfull \hbox (badness 10000) in paragraph at lines 2863--2881

 []


Underfull \hbox (badness 10000) in paragraph at lines 2863--2881

 []


Underfull \hbox (badness 10000) in paragraph at lines 2863--2881

 []


Underfull \hbox (badness 10000) in paragraph at lines 2863--2881

 []


Underfull \hbox (badness 10000) in paragraph at lines 2863--2881

 []

<Screenshot 2025-10-02 at 15.26.59.png, id=435, 487.8225pt x 323.2075pt>
File: Screenshot 2025-10-02 at 15.26.59.png Graphic file (type png)
<use Screenshot 2025-10-02 at 15.26.59.png>
Package pdftex.def Info: Screenshot 2025-10-02 at 15.26.59.png  used on input line 2882.
(pdftex.def)             Requested size: 172.5pt x 114.28821pt.


[100 <./Screenshot 2025-10-02 at 15.26.59.png>]
<Screenshot 2025-10-02 at 15.29.27.png, id=440, 286.06876pt x 241.90375pt>
File: Screenshot 2025-10-02 at 15.29.27.png Graphic file (type png)
<use Screenshot 2025-10-02 at 15.29.27.png>
Package pdftex.def Info: Screenshot 2025-10-02 at 15.29.27.png  used on input line 2906.
(pdftex.def)             Requested size: 172.5pt x 145.87051pt.

Underfull \hbox (badness 10000) in paragraph at lines 2908--2913

 []

<Screenshot 2025-10-02 at 15.30.45.png, id=441, 395.4775pt x 220.825pt>
File: Screenshot 2025-10-02 at 15.30.45.png Graphic file (type png)
<use Screenshot 2025-10-02 at 15.30.45.png>
Package pdftex.def Info: Screenshot 2025-10-02 at 15.30.45.png  used on input line 2928.
(pdftex.def)             Requested size: 172.5pt x 96.3209pt.


[101 <./Screenshot 2025-10-02 at 15.29.27.png>]
Underfull \hbox (badness 10000) in paragraph at lines 2930--2945

 []

<Screenshot 2025-10-02 at 15.32.24.png, id=446, 273.02pt x 183.68625pt>
File: Screenshot 2025-10-02 at 15.32.24.png Graphic file (type png)
<use Screenshot 2025-10-02 at 15.32.24.png>
Package pdftex.def Info: Screenshot 2025-10-02 at 15.32.24.png  used on input line 2947.
(pdftex.def)             Requested size: 137.9979pt x 92.84349pt.


[102 <./Screenshot 2025-10-02 at 15.30.45.png> <./Screenshot 2025-10-02 at 15.32.24.png>]
<Screenshot 2025-10-02 at 15.34.01.png, id=453, 260.975pt x 315.1775pt>
File: Screenshot 2025-10-02 at 15.34.01.png Graphic file (type png)
<use Screenshot 2025-10-02 at 15.34.01.png>
Package pdftex.def Info: Screenshot 2025-10-02 at 15.34.01.png  used on input line 2966.
(pdftex.def)             Requested size: 137.9979pt x 166.65854pt.

Underfull \hbox (badness 10000) in paragraph at lines 2974--3020

 []


Underfull \hbox (badness 10000) in paragraph at lines 2974--3020

 []


Underfull \hbox (badness 10000) in paragraph at lines 2974--3020

 []


Underfull \hbox (badness 10000) in paragraph at lines 2974--3020

 []


Underfull \hbox (badness 10000) in paragraph at lines 2974--3020

 []


Underfull \hbox (badness 10000) in paragraph at lines 2974--3020

 []


Underfull \hbox (badness 10000) in paragraph at lines 2974--3020

 []



[103 <./Screenshot 2025-10-02 at 15.34.01.png>]

[104]
<Screenshot 2025-10-02 at 18.34.21.png, id=461, 322.20375pt x 440.64626pt>
File: Screenshot 2025-10-02 at 18.34.21.png Graphic file (type png)
<use Screenshot 2025-10-02 at 18.34.21.png>
Package pdftex.def Info: Screenshot 2025-10-02 at 18.34.21.png  used on input line 3061.
(pdftex.def)             Requested size: 137.9979pt x 188.73457pt.

Underfull \hbox (badness 10000) in paragraph at lines 3063--3080

 []



[105 <./Screenshot 2025-10-02 at 18.34.21.png>]
<Screenshot 2025-10-11 170341.png, id=466, 393.72093pt x 179.92218pt>
File: Screenshot 2025-10-11 170341.png Graphic file (type png)
<use Screenshot 2025-10-11 170341.png>
Package pdftex.def Info: Screenshot 2025-10-11 170341.png  used on input line 3094.
(pdftex.def)             Requested size: 172.5pt x 78.82831pt.

Underfull \hbox (badness 10000) in paragraph at lines 3108--3114

 []


Underfull \hbox (badness 10000) in paragraph at lines 3108--3114

 []

<Screenshot 2025-10-11 171416.png, id=467, 452.4403pt x 207.77625pt>
File: Screenshot 2025-10-11 171416.png Graphic file (type png)
<use Screenshot 2025-10-11 171416.png>
Package pdftex.def Info: Screenshot 2025-10-11 171416.png  used on input line 3123.
(pdftex.def)             Requested size: 172.5pt x 79.21576pt.


[106 <./Screenshot 2025-10-11 170341.png>]
Underfull \hbox (badness 10000) in paragraph at lines 3127--3130

 []



[107 <./Screenshot 2025-10-11 171416.png>]
Underfull \hbox (badness 10000) in paragraph at lines 3164--3189

 []


Underfull \hbox (badness 10000) in paragraph at lines 3190--3193

 []



[108]
Underfull \hbox (badness 10000) in paragraph at lines 3217--3225

 []


Underfull \hbox (badness 10000) in paragraph at lines 3217--3225

 []



[109]
Underfull \hbox (badness 10000) in paragraph at lines 3246--3259

 []



[110

]

[111]
Underfull \hbox (badness 10000) in paragraph at lines 3308--3310

 []


Underfull \hbox (badness 10000) in paragraph at lines 3310--3314

 []



[112]
Underfull \hbox (badness 10000) in paragraph at lines 3357--3364

 []



[113]

[114]
Underfull \hbox (badness 10000) in paragraph at lines 3447--3456

 []


Underfull \hbox (badness 2368) in paragraph at lines 3447--3456
\T1/cmr/m/n/10 per-i-ments and which demon-strates some rather im-por-tant atomic and
 []


Underfull \hbox (badness 10000) in paragraph at lines 3447--3456

 []



[115

]

[116]
<Screenshot 2025-10-14 at 17.39.32.png, id=505, 455.7025pt x 231.86626pt>
File: Screenshot 2025-10-14 at 17.39.32.png Graphic file (type png)
<use Screenshot 2025-10-14 at 17.39.32.png>
Package pdftex.def Info: Screenshot 2025-10-14 at 17.39.32.png  used on input line 3481.
(pdftex.def)             Requested size: 172.5pt x 87.77043pt.


[117 <./Screenshot 2025-10-14 at 17.39.32.png>]
Underfull \hbox (badness 10000) in paragraph at lines 3499--3503

 []



[118]
Underfull \hbox (badness 1048) in paragraph at lines 3512--3513
\T1/cmr/m/n/10 This re-mark-able fact is of great cry-otech-ni-cal im-por-tance for low-
 []



[119]
Underfull \hbox (badness 10000) in paragraph at lines 3538--3540

 []



[120]

[121]

[122

]
Underfull \hbox (badness 10000) in paragraph at lines 3584--3588

 []


LaTeX Warning: Command \textasciitilde invalid in math mode on input line 3589.


LaTeX Warning: Command \textasciitilde invalid in math mode on input line 3591.


Underfull \hbox (badness 10000) in paragraph at lines 3602--3603
[]\T1/cmr/m/n/10 Unlike charged sys-tems, den-sity fluc-tu-a-tions (sec-ond sound,
 []



[123]
Underfull \hbox (badness 10000) in paragraph at lines 3605--3607

 []


Overfull \hbox (108.4306pt too wide) in paragraph at lines 3613--3626
 [][] 
 []



[124]
Overfull \hbox (7.66716pt too wide) in paragraph at lines 3662--3679
 [][] 
 []



[125]

[126]

[127]

[128]
Underfull \hbox (badness 4765) in paragraph at lines 3789--3790
[]\T1/cmr/m/n/10 The high-est prac-ti-cal con-duc-tiv-i-ties of these met-als are $\OML/cmm/m/it/10 ^^T \OMS/cmsy/m/n/10 ^^Y
 []


Underfull \hbox (badness 2088) in paragraph at lines 3789--3790
\OT1/cmr/m/n/10 10 \OML/cmm/m/it/10 T\OT1/cmr/m/n/10 [\OML/cmm/m/it/10 WK[]cm[]\OT1/cmr/m/n/10 ]$ \T1/cmr/m/n/10 if they are very pure; more typ-i-cal is $\OML/cmm/m/it/10 ^^T \OMS/cmsy/m/n/10 ^^Y
 []



[129]

[130]

[131]

[132]

[133]
<Screenshot 2025-10-16 at 08.43.36.png, id=562, 532.99126pt x 271.51437pt>
File: Screenshot 2025-10-16 at 08.43.36.png Graphic file (type png)
<use Screenshot 2025-10-16 at 08.43.36.png>
Package pdftex.def Info: Screenshot 2025-10-16 at 08.43.36.png  used on input line 3888.
(pdftex.def)             Requested size: 172.5pt x 87.87239pt.


[134

 <./Screenshot 2025-10-16 at 08.43.36.png>]

LaTeX Warning: No positions in optional float specifier.
               Default added (so using `tbp') on input line 3911.



[135]
<Screenshot 2025-10-16 at 08.56.15.png, id=570, 319.1925pt x 398.48875pt>
File: Screenshot 2025-10-16 at 08.56.15.png Graphic file (type png)
<use Screenshot 2025-10-16 at 08.56.15.png>
Package pdftex.def Info: Screenshot 2025-10-16 at 08.56.15.png  used on input line 3937.
(pdftex.def)             Requested size: 137.9979pt x 172.27713pt.
<Screenshot 2025-10-16 at 09.01.24.png, id=571, 491.8375pt x 264.99pt>
File: Screenshot 2025-10-16 at 09.01.24.png Graphic file (type png)
<use Screenshot 2025-10-16 at 09.01.24.png>
Package pdftex.def Info: Screenshot 2025-10-16 at 09.01.24.png  used on input line 3945.
(pdftex.def)             Requested size: 172.5pt x 92.93793pt.


[136 <./Screenshot 2025-10-16 at 08.56.15.png>]

[137 <./Screenshot 2025-10-16 at 09.01.24.png>]
<Screenshot 2025-10-16 at 09.03.03.png, id=580, 310.15875pt x 314.17375pt>
File: Screenshot 2025-10-16 at 09.03.03.png Graphic file (type png)
<use Screenshot 2025-10-16 at 09.03.03.png>
Package pdftex.def Info: Screenshot 2025-10-16 at 09.03.03.png  used on input line 3968.
(pdftex.def)             Requested size: 120.7521pt x 122.31154pt.


[138 <./Screenshot 2025-10-16 at 09.03.03.png>]
<Screenshot 2025-10-16 at 09.09.56.png, id=585, 574.145pt x 369.38pt>
File: Screenshot 2025-10-16 at 09.09.56.png Graphic file (type png)
<use Screenshot 2025-10-16 at 09.09.56.png>
Package pdftex.def Info: Screenshot 2025-10-16 at 09.09.56.png  used on input line 3981.
(pdftex.def)             Requested size: 172.5pt x 110.9783pt.
<Screenshot 2025-10-16 at 09.13.09.png, id=586, 277.035pt x 229.85875pt>
File: Screenshot 2025-10-16 at 09.13.09.png Graphic file (type png)
<use Screenshot 2025-10-16 at 09.13.09.png>
Package pdftex.def Info: Screenshot 2025-10-16 at 09.13.09.png  used on input line 3988.
(pdftex.def)             Requested size: 120.7521pt x 100.18765pt.


[139 <./Screenshot 2025-10-16 at 09.09.56.png> <./Screenshot 2025-10-16 at 09.13.09.png>]
<Screenshot 2025-10-16 at 09.18.21.png, id=591, 336.25626pt x 385.44pt>
File: Screenshot 2025-10-16 at 09.18.21.png Graphic file (type png)
<use Screenshot 2025-10-16 at 09.18.21.png>
Package pdftex.def Info: Screenshot 2025-10-16 at 09.18.21.png  used on input line 4014.
(pdftex.def)             Requested size: 172.5pt x 197.73042pt.


[140]
<Screenshot 2025-10-16 at 09.22.21.png, id=595, 618.31pt x 368.37625pt>
File: Screenshot 2025-10-16 at 09.22.21.png Graphic file (type png)
<use Screenshot 2025-10-16 at 09.22.21.png>
Package pdftex.def Info: Screenshot 2025-10-16 at 09.22.21.png  used on input line 4030.
(pdftex.def)             Requested size: 103.50105pt x 61.66194pt.


[141 <./Screenshot 2025-10-16 at 09.18.21.png>]
Underfull \hbox (badness 1264) in paragraph at lines 4040--4041
[]\T1/cmr/m/n/10 A com-mer-cial su-per-con-duct-ing wire (e.g., $[]$ or a normal-
 []

<Screenshot 2025-10-16 at 09.23.36.png, id=600, 170.6375pt x 410.53375pt>
File: Screenshot 2025-10-16 at 09.23.36.png Graphic file (type png)
<use Screenshot 2025-10-16 at 09.23.36.png>
Package pdftex.def Info: Screenshot 2025-10-16 at 09.23.36.png  used on input line 4046.
(pdftex.def)             Requested size: 51.7479pt x 124.49535pt.


[142 <./Screenshot 2025-10-16 at 09.22.21.png> <./Screenshot 2025-10-16 at 09.23.36.png>]
<Screenshot 2025-10-16 at 09.31.45.png, id=606, 600.2425pt x 268.00125pt>
File: Screenshot 2025-10-16 at 09.31.45.png Graphic file (type png)
<use Screenshot 2025-10-16 at 09.31.45.png>
Package pdftex.def Info: Screenshot 2025-10-16 at 09.31.45.png  used on input line 4085.
(pdftex.def)             Requested size: 172.5pt x 77.01907pt.


[143

]

[144 <./Screenshot 2025-10-16 at 09.31.45.png>]

[145]
<Screenshot 2025-10-16 at 10.48.22.png, id=617, 293.095pt x 425.59pt>
File: Screenshot 2025-10-16 at 10.48.22.png Graphic file (type png)
<use Screenshot 2025-10-16 at 10.48.22.png>
Package pdftex.def Info: Screenshot 2025-10-16 at 10.48.22.png  used on input line 4145.
(pdftex.def)             Requested size: 86.25pt x 125.23624pt.


[146 <./Screenshot 2025-10-16 at 10.48.22.png>]

[147]

LaTeX Warning: Command \textendash invalid in math mode on input line 4168.

<Screenshot 2025-10-23 at 08.47.31.png, id=625, 327.2225pt x 337.26pt>
File: Screenshot 2025-10-23 at 08.47.31.png Graphic file (type png)
<use Screenshot 2025-10-23 at 08.47.31.png>
Package pdftex.def Info: Screenshot 2025-10-23 at 08.47.31.png  used on input line 4173.
(pdftex.def)             Requested size: 120.7521pt x 124.45488pt.
<Screenshot 2025-10-23 at 08.48.15.png, id=626, 248.93pt x 262.9825pt>
File: Screenshot 2025-10-23 at 08.48.15.png Graphic file (type png)
<use Screenshot 2025-10-23 at 08.48.15.png>
Package pdftex.def Info: Screenshot 2025-10-23 at 08.48.15.png  used on input line 4183.
(pdftex.def)             Requested size: 137.9979pt x 145.79248pt.

LaTeX Warning: Command \textendash invalid in math mode on input line 4189.



[148

 <./Screenshot 2025-10-23 at 08.47.31.png>]

LaTeX Warning: Command \textendash invalid in math mode on input line 4192.



[149 <./Screenshot 2025-10-23 at 08.48.15.png>]
<Screenshot 2025-10-23 at 08.54.06.png, id=636, 159.59625pt x 307.1475pt>
File: Screenshot 2025-10-23 at 08.54.06.png Graphic file (type png)
<use Screenshot 2025-10-23 at 08.54.06.png>
Package pdftex.def Info: Screenshot 2025-10-23 at 08.54.06.png  used on input line 4209.
(pdftex.def)             Requested size: 86.25pt x 165.9884pt.


[150 <./Screenshot 2025-10-23 at 08.54.06.png>]
Underfull \hbox (badness 10000) in paragraph at lines 4240--4244

 []



[151]
<Screenshot 2025-10-23 at 09.11.35.png, id=645, 358.33875pt x 245.91875pt>
File: Screenshot 2025-10-23 at 09.11.35.png Graphic file (type png)
<use Screenshot 2025-10-23 at 09.11.35.png>
Package pdftex.def Info: Screenshot 2025-10-23 at 09.11.35.png  used on input line 4279.
(pdftex.def)             Requested size: 172.5pt x 118.38487pt.


LaTeX Warning: Command \textendash invalid in math mode on input line 4285.



[152]
<Screenshot 2025-10-23 at 09.21.23.png, id=649, 288.07625pt x 222.8325pt>
File: Screenshot 2025-10-23 at 09.21.23.png Graphic file (type png)
<use Screenshot 2025-10-23 at 09.21.23.png>
Package pdftex.def Info: Screenshot 2025-10-23 at 09.21.23.png  used on input line 4299.
(pdftex.def)             Requested size: 137.9979pt x 106.74757pt.


LaTeX Warning: Command \textendash invalid in math mode on input line 4300.


LaTeX Warning: Command \textendash invalid in math mode on input line 4300.



[153 <./Screenshot 2025-10-23 at 09.11.35.png> <./Screenshot 2025-10-23 at 09.21.23.png>]

LaTeX Warning: Command \textendash invalid in math mode on input line 4309.

<Screenshot 2025-10-23 at 09.22.18.png, id=655, 322.20375pt x 234.8775pt>
File: Screenshot 2025-10-23 at 09.22.18.png Graphic file (type png)
<use Screenshot 2025-10-23 at 09.22.18.png>
Package pdftex.def Info: Screenshot 2025-10-23 at 09.22.18.png  used on input line 4312.
(pdftex.def)             Requested size: 137.9979pt x 100.60112pt.
<Screenshot 2025-10-23 at 09.23.59.png, id=656, 255.95625pt x 397.485pt>
File: Screenshot 2025-10-23 at 09.23.59.png Graphic file (type png)
<use Screenshot 2025-10-23 at 09.23.59.png>
Package pdftex.def Info: Screenshot 2025-10-23 at 09.23.59.png  used on input line 4328.
(pdftex.def)             Requested size: 86.25pt x 133.94221pt.

LaTeX Warning: Command \textendash invalid in math mode on input line 4335.



[154 <./Screenshot 2025-10-23 at 09.22.18.png>]

LaTeX Warning: Command \textendash invalid in math mode on input line 4344.



[155 <./Screenshot 2025-10-23 at 09.23.59.png>]
<Screenshot 2025-10-23 at 09.25.39.png, id=665, 177.66376pt x 303.1325pt>
File: Screenshot 2025-10-23 at 09.25.39.png Graphic file (type png)
<use Screenshot 2025-10-23 at 09.25.39.png>
Package pdftex.def Info: Screenshot 2025-10-23 at 09.25.39.png  used on input line 4366.
(pdftex.def)             Requested size: 86.25pt x 147.16248pt.


[156 <./Screenshot 2025-10-23 at 09.25.39.png>]
<Screenshot 2025-10-23 at 09.27.05.png, id=671, 304.13625pt x 259.97125pt>
File: Screenshot 2025-10-23 at 09.27.05.png Graphic file (type png)
<use Screenshot 2025-10-23 at 09.27.05.png>
Package pdftex.def Info: Screenshot 2025-10-23 at 09.27.05.png  used on input line 4381.
(pdftex.def)             Requested size: 137.9979pt x 117.96182pt.


[157 <./Screenshot 2025-10-23 at 09.27.05.png>]
<Screenshot 2025-10-23 at 09.28.37.png, id=676, 350.30875pt x 293.095pt>
File: Screenshot 2025-10-23 at 09.28.37.png Graphic file (type png)
<use Screenshot 2025-10-23 at 09.28.37.png>
Package pdftex.def Info: Screenshot 2025-10-23 at 09.28.37.png  used on input line 4404.
(pdftex.def)             Requested size: 137.9979pt x 115.46042pt.


[158 <./Screenshot 2025-10-23 at 09.28.37.png>]
<Screenshot 2025-10-23 at 09.30.36.png, id=681, 230.8625pt x 204.765pt>
File: Screenshot 2025-10-23 at 09.30.36.png Graphic file (type png)
<use Screenshot 2025-10-23 at 09.30.36.png>
Package pdftex.def Info: Screenshot 2025-10-23 at 09.30.36.png  used on input line 4416.
(pdftex.def)             Requested size: 86.25pt x 76.49922pt.
<Screenshot 2025-10-23 at 09.34.36.png, id=682, 464.73625pt x 193.72375pt>
File: Screenshot 2025-10-23 at 09.34.36.png Graphic file (type png)
<use Screenshot 2025-10-23 at 09.34.36.png>
Package pdftex.def Info: Screenshot 2025-10-23 at 09.34.36.png  used on input line 4445.
(pdftex.def)             Requested size: 137.9979pt x 57.5234pt.


[159 <./Screenshot 2025-10-23 at 09.30.36.png>]

LaTeX Warning: Command \textendash invalid in math mode on input line 4462.

<Screenshot 2025-10-23 at 09.36.11.png, id=687, 399.4925pt x 410.53375pt>
File: Screenshot 2025-10-23 at 09.36.11.png Graphic file (type png)
<use Screenshot 2025-10-23 at 09.36.11.png>
Package pdftex.def Info: Screenshot 2025-10-23 at 09.36.11.png  used on input line 4466.
(pdftex.def)             Requested size: 172.5pt x 177.26524pt.
<Screenshot 2025-10-23 at 09.37.22.png, id=688, 208.78pt x 372.39125pt>
File: Screenshot 2025-10-23 at 09.37.22.png Graphic file (type png)
<use Screenshot 2025-10-23 at 09.37.22.png>
Package pdftex.def Info: Screenshot 2025-10-23 at 09.37.22.png  used on input line 4473.
(pdftex.def)             Requested size: 86.25pt x 153.84056pt.
<Screenshot 2025-10-23 at 09.37.58.png, id=689, 229.85875pt x 281.05pt>
File: Screenshot 2025-10-23 at 09.37.58.png Graphic file (type png)
<use Screenshot 2025-10-23 at 09.37.58.png>
Package pdftex.def Info: Screenshot 2025-10-23 at 09.37.58.png  used on input line 4480.
(pdftex.def)             Requested size: 103.50105pt x 126.5528pt.


[160 <./Screenshot 2025-10-23 at 09.34.36.png> <./Screenshot 2025-10-23 at 09.36.11.png>]

[161 <./Screenshot 2025-10-23 at 09.37.22.png> <./Screenshot 2025-10-23 at 09.37.58.png>]

LaTeX Warning: Command \textendash invalid in math mode on input line 4487.


LaTeX Warning: Command \textendash invalid in math mode on input line 4490.

<Screenshot 2025-10-23 at 09.40.24.png, id=700, 701.62125pt x 302.12875pt>
File: Screenshot 2025-10-23 at 09.40.24.png Graphic file (type png)
<use Screenshot 2025-10-23 at 09.40.24.png>
Package pdftex.def Info: Screenshot 2025-10-23 at 09.40.24.png  used on input line 4497.
(pdftex.def)             Requested size: 172.5pt x 74.27805pt.


[162 <./Screenshot 2025-10-23 at 09.40.24.png>]

LaTeX Warning: Command \textendash invalid in math mode on input line 4519.


LaTeX Warning: Command \textendash invalid in math mode on input line 4519.



[163]
Overfull \hbox (17.61552pt too wide) in paragraph at lines 4537--4546
 [][] 
 []

<Screenshot 2025-10-23 at 09.43.45.png, id=709, 314.17375pt x 157.58875pt>
File: Screenshot 2025-10-23 at 09.43.45.png Graphic file (type png)
<use Screenshot 2025-10-23 at 09.43.45.png>
Package pdftex.def Info: Screenshot 2025-10-23 at 09.43.45.png  used on input line 4550.
(pdftex.def)             Requested size: 172.5pt x 86.52498pt.
<Screenshot 2025-10-23 at 09.44.40.png, id=710, 439.6425pt x 325.215pt>
File: Screenshot 2025-10-23 at 09.44.40.png Graphic file (type png)
<use Screenshot 2025-10-23 at 09.44.40.png>
Package pdftex.def Info: Screenshot 2025-10-23 at 09.44.40.png  used on input line 4565.
(pdftex.def)             Requested size: 172.5pt x 127.60251pt.


[164 <./Screenshot 2025-10-23 at 09.43.45.png>]

LaTeX Warning: Command \textendash invalid in math mode on input line 4573.



[165 <./Screenshot 2025-10-23 at 09.44.40.png>]

LaTeX Warning: Command \textendash invalid in math mode on input line 4580.


Overfull \hbox (155.30627pt too wide) in paragraph at lines 4598--4610
 [][] 
 []



[166]

[167]

[168] (./main.aux)
 ***********
LaTeX2e <2024-11-01> patch level 2
L3 programming layer <2025-01-18>
 ***********
 ) 
Here is how much of TeX's memory you used:
 3483 strings out of 473190
 65322 string characters out of 5715799
 441433 words of memory out of 5000000
 26695 multiletter control sequences out of 15000+600000
 587555 words of font info for 101 fonts, out of 8000000 for 9000
 1141 hyphenation exceptions out of 8191
 57i,14n,65p,1220b,259s stack positions out of 10000i,1000n,20000p,200000b,200000s
</usr/local/texlive/2025/texmf-dist/fonts/type1/public/amsfonts/cm/cmbx10.pfb></usr/local/texlive/2025/texmf-dist/fonts/type1/public/amsfonts/cm/cmbx7.pfb></usr/local/texlive/2025/texmf-dist/fonts/type1/public/amsfonts/cm/cmex10.pfb></usr/local/texlive/2025/texmf-dist/fonts/type1/public/amsfonts/cmextra/cmex7.pfb></usr/local/texlive/2025/texmf-dist/fonts/type1/public/amsfonts/cm/cmmi10.pfb></usr/local/texlive/2025/texmf-dist/fonts/type1/public/amsfonts/cm/cmmi12.pfb></usr/local/texlive/2025/texmf-dist/fonts/type1/public/amsfonts/cm/cmmi5.pfb></usr/local/texlive/2025/texmf-dist/fonts/type1/public/amsfonts/cm/cmmi7.pfb></usr/local/texlive/2025/texmf-dist/fonts/type1/public/amsfonts/cm/cmr10.pfb></usr/local/texlive/2025/texmf-dist/fonts/type1/public/amsfonts/cm/cmr12.pfb></usr/local/texlive/2025/texmf-dist/fonts/type1/public/amsfonts/cm/cmr5.pfb></usr/local/texlive/2025/texmf-dist/fonts/type1/public/amsfonts/cm/cmr7.pfb></usr/local/texlive/2025/texmf-dist/fonts/type1/public/amsfonts/cm/cmr8.pfb></usr/local/texlive/2025/texmf-dist/fonts/type1/public/amsfonts/cm/cmsy10.pfb></usr/local/texlive/2025/texmf-dist/fonts/type1/public/amsfonts/cm/cmsy5.pfb></usr/local/texlive/2025/texmf-dist/fonts/type1/public/amsfonts/cm/cmsy7.pfb></usr/local/texlive/2025/texmf-dist/fonts/type1/public/amsfonts/symbols/msam7.pfb></usr/local/texlive/2025/texmf-dist/fonts/type1/public/cm-super/sfbi1000.pfb></usr/local/texlive/2025/texmf-dist/fonts/type1/public/cm-super/sfbi1200.pfb></usr/local/texlive/2025/texmf-dist/fonts/type1/public/cm-super/sfbx0700.pfb></usr/local/texlive/2025/texmf-dist/fonts/type1/public/cm-super/sfbx1000.pfb></usr/local/texlive/2025/texmf-dist/fonts/type1/public/cm-super/sfbx1200.pfb></usr/local/texlive/2025/texmf-dist/fonts/type1/public/cm-super/sfbx1440.pfb></usr/local/texlive/2025/texmf-dist/fonts/type1/public/cm-super/sfbx2074.pfb></usr/local/texlive/2025/texmf-dist/fonts/type1/public/cm-super/sfbx2488.pfb></usr/local/texlive/2025/texmf-dist/fonts/type1/public/cm-super/sfrm0500.pfb></usr/local/texlive/2025/texmf-dist/fonts/type1/public/cm-super/sfrm0700.pfb></usr/local/texlive/2025/texmf-dist/fonts/type1/public/cm-super/sfrm1000.pfb></usr/local/texlive/2025/texmf-dist/fonts/type1/public/cm-super/sfrm1200.pfb></usr/local/texlive/2025/texmf-dist/fonts/type1/public/cm-super/sfrm1728.pfb></usr/local/texlive/2025/texmf-dist/fonts/type1/public/cm-super/sfti1000.pfb>
Output written on main.pdf (169 pages, 12907247 bytes).
PDF statistics:
 868 PDF objects out of 1000 (max. 8388607)
 474 compressed objects within 5 object streams
 0 named destinations out of 1000 (max. 500000)
 411 words of extra memory for PDF output out of 10000 (max. 10000000)

